<?xml version="1.0" encoding="UTF-8"?>
<testsuite name="com.najudoryeong.mineme.feature.home.HomeScreenShotTests" tests="3" skipped="0" failures="3" errors="0" timestamp="2023-09-20T15:29:32" hostname="DESKTOP-2AKCNO8" time="5.736">
  <properties/>
  <testcase name="homeScreenLoading" classname="com.najudoryeong.mineme.feature.home.HomeScreenShotTests" time="5.641">
    <failure message="java.lang.IllegalArgumentException: resource native/windows/x86_64/robolectric-nativeruntime.dll not found." type="java.lang.IllegalArgumentException">java.lang.IllegalArgumentException: resource native/windows/x86_64/robolectric-nativeruntime.dll not found.
	at com.google.common.base.Preconditions.checkArgument(Preconditions.java:220)
	at com.google.common.io.Resources.getResource(Resources.java:194)
	at org.robolectric.nativeruntime.DefaultNativeRuntimeLoader.loadLibrary(DefaultNativeRuntimeLoader.java:154)
	at org.robolectric.nativeruntime.DefaultNativeRuntimeLoader.lambda$ensureLoaded$0(DefaultNativeRuntimeLoader.java:84)
	at org.robolectric.util.PerfStatsCollector.measure(PerfStatsCollector.java:86)
	at org.robolectric.nativeruntime.DefaultNativeRuntimeLoader.ensureLoaded(DefaultNativeRuntimeLoader.java:74)
	at org.robolectric.nativeruntime.DefaultNativeRuntimeLoader.injectAndLoad(DefaultNativeRuntimeLoader.java:54)
	at org.robolectric.shadows.ShadowNativeRenderNode.nCreate(ShadowNativeRenderNode.java:21)
	at android.graphics.RenderNode.nCreate(RenderNode.java)
	at android.graphics.RenderNode.__constructor__(RenderNode.java:227)
	at android.graphics.RenderNode.&lt;init&gt;(RenderNode.java)
	at android.graphics.RenderNode.create(RenderNode.java:243)
	at android.view.View.__constructor__(View.java:5373)
	at android.view.View.&lt;init&gt;(View.java)
	at android.view.ViewGroup.&lt;init&gt;(ViewGroup.java)
	at android.widget.FrameLayout.&lt;init&gt;(FrameLayout.java)
	at com.android.internal.policy.DecorView.&lt;init&gt;(DecorView.java)
	at com.android.internal.policy.PhoneWindow.generateDecor(PhoneWindow.java:2385)
	at com.android.internal.policy.PhoneWindow.installDecor(PhoneWindow.java:2727)
	at com.android.internal.policy.PhoneWindow.getDecorView(PhoneWindow.java:2144)
	at android.app.ActivityTransitionState.setEnterActivityOptions(ActivityTransitionState.java:171)
	at android.app.Activity.performCreate(Activity.java:8299)
	at android.app.Activity.performCreate(Activity.java:8269)
	at android.app.Instrumentation.callActivityOnCreate(Instrumentation.java:1384)
	at org.robolectric.android.internal.RoboMonitoringInstrumentation.callActivityOnCreate(RoboMonitoringInstrumentation.java:303)
	at org.robolectric.android.controller.ActivityController.lambda$create$0(ActivityController.java:138)
	at org.robolectric.shadows.ShadowPausedLooper.runPaused(ShadowPausedLooper.java:204)
	at org.robolectric.android.controller.ActivityController.create(ActivityController.java:136)
	at org.robolectric.android.controller.ActivityController.create(ActivityController.java:146)
	at org.robolectric.android.internal.RoboMonitoringInstrumentation.startActivitySyncInternal(RoboMonitoringInstrumentation.java:113)
	at org.robolectric.android.internal.LocalActivityInvoker.startActivity(LocalActivityInvoker.java:35)
	at org.robolectric.android.internal.LocalActivityInvoker.startActivity(LocalActivityInvoker.java:40)
	at androidx.test.core.app.ActivityScenario.launchInternal(ActivityScenario.java:362)
	at androidx.test.core.app.ActivityScenario.launch(ActivityScenario.java:202)
	at androidx.test.ext.junit.rules.ActivityScenarioRule.lambda$new$0(ActivityScenarioRule.java:77)
	at androidx.test.ext.junit.rules.ActivityScenarioRule$$ExternalSyntheticLambda1.get(D8$$SyntheticClass)
	at androidx.test.ext.junit.rules.ActivityScenarioRule.before(ActivityScenarioRule.java:110)
	at org.junit.rules.ExternalResource$1.evaluate(ExternalResource.java:50)
	at androidx.compose.ui.test.junit4.AndroidComposeTestRule$apply$1$evaluate$1.invoke(AndroidComposeTestRule.android.kt:272)
	at androidx.compose.ui.test.junit4.AndroidComposeTestRule$apply$1$evaluate$1.invoke(AndroidComposeTestRule.android.kt:271)
	at androidx.compose.ui.test.AndroidComposeUiTestEnvironment$AndroidComposeUiTestImpl.withDisposableContent(ComposeUiTest.android.kt:512)
	at androidx.compose.ui.test.AndroidComposeUiTestEnvironment$runTest$1$1$1$1$1$1$1.invoke(ComposeUiTest.android.kt:330)
	at androidx.compose.ui.test.AndroidComposeUiTestEnvironment.withTextInputService(ComposeUiTest.android.kt:396)
	at androidx.compose.ui.test.AndroidComposeUiTestEnvironment.access$withTextInputService(ComposeUiTest.android.kt:234)
	at androidx.compose.ui.test.AndroidComposeUiTestEnvironment$runTest$1$1$1$1$1$1.invoke(ComposeUiTest.android.kt:329)
	at androidx.compose.ui.test.AndroidComposeUiTestEnvironment.withComposeIdlingResource(ComposeUiTest.android.kt:383)
	at androidx.compose.ui.test.AndroidComposeUiTestEnvironment.access$withComposeIdlingResource(ComposeUiTest.android.kt:234)
	at androidx.compose.ui.test.AndroidComposeUiTestEnvironment$runTest$1$1$1$1$1.invoke(ComposeUiTest.android.kt:328)
	at androidx.compose.ui.test.AndroidComposeUiTestEnvironment.withWindowRecomposer(ComposeUiTest.android.kt:357)
	at androidx.compose.ui.test.AndroidComposeUiTestEnvironment.access$withWindowRecomposer(ComposeUiTest.android.kt:234)
	at androidx.compose.ui.test.AndroidComposeUiTestEnvironment$runTest$1$1$1$1.invoke(ComposeUiTest.android.kt:327)
	at androidx.compose.ui.test.AndroidComposeUiTestEnvironment.withTestCoroutines(ComposeUiTest.android.kt:370)
	at androidx.compose.ui.test.AndroidComposeUiTestEnvironment.access$withTestCoroutines(ComposeUiTest.android.kt:234)
	at androidx.compose.ui.test.AndroidComposeUiTestEnvironment$runTest$1$1$1.invoke(ComposeUiTest.android.kt:326)
	at androidx.compose.ui.test.junit4.IdlingStrategy.withStrategy(IdlingStrategy.android.kt:52)
	at androidx.compose.ui.test.AndroidComposeUiTestEnvironment$runTest$1$1.invoke(ComposeUiTest.android.kt:325)
	at androidx.compose.ui.test.junit4.IdlingResourceRegistry.withRegistry(IdlingResourceRegistry.jvm.kt:157)
	at androidx.compose.ui.test.AndroidComposeUiTestEnvironment$runTest$1.invoke(ComposeUiTest.android.kt:324)
	at androidx.compose.ui.test.junit4.ComposeRootRegistry.withRegistry(ComposeRootRegistry.android.kt:146)
	at androidx.compose.ui.test.AndroidComposeUiTestEnvironment.runTest(ComposeUiTest.android.kt:323)
	at androidx.compose.ui.test.junit4.AndroidComposeTestRule$apply$1.evaluate(AndroidComposeTestRule.android.kt:271)
	at org.junit.runners.ParentRunner$3.evaluate(ParentRunner.java:306)
	at org.robolectric.RobolectricTestRunner$HelperTestRunner$1.evaluate(RobolectricTestRunner.java:589)
	at org.robolectric.internal.SandboxTestRunner$2.lambda$evaluate$2(SandboxTestRunner.java:290)
	at org.robolectric.internal.bytecode.Sandbox.lambda$runOnMainThread$0(Sandbox.java:99)
	at java.base/java.util.concurrent.FutureTask.run(FutureTask.java:264)
	at java.base/java.util.concurrent.ThreadPoolExecutor.runWorker(ThreadPoolExecutor.java:1136)
	at java.base/java.util.concurrent.ThreadPoolExecutor$Worker.run(ThreadPoolExecutor.java:635)
	at java.base/java.lang.Thread.run(Thread.java:833)
</failure>
  </testcase>
  <testcase name="homeScreenPopulatedResourceNoStory" classname="com.najudoryeong.mineme.feature.home.HomeScreenShotTests" time="0.045">
    <failure message="java.lang.UnsatisfiedLinkError: 'long org.robolectric.nativeruntime.RenderNodeNatives.nCreate(java.lang.String)'" type="java.lang.UnsatisfiedLinkError">java.lang.UnsatisfiedLinkError: 'long org.robolectric.nativeruntime.RenderNodeNatives.nCreate(java.lang.String)'
	at org.robolectric.nativeruntime.RenderNodeNatives.nCreate(Native Method)
	at org.robolectric.shadows.ShadowNativeRenderNode.nCreate(ShadowNativeRenderNode.java:22)
	at android.graphics.RenderNode.nCreate(RenderNode.java)
	at android.graphics.RenderNode.__constructor__(RenderNode.java:227)
	at android.graphics.RenderNode.&lt;init&gt;(RenderNode.java)
	at android.graphics.RenderNode.create(RenderNode.java:243)
	at android.view.View.__constructor__(View.java:5373)
	at android.view.View.&lt;init&gt;(View.java)
	at android.view.ViewGroup.&lt;init&gt;(ViewGroup.java)
	at android.widget.FrameLayout.&lt;init&gt;(FrameLayout.java)
	at com.android.internal.policy.DecorView.&lt;init&gt;(DecorView.java)
	at com.android.internal.policy.PhoneWindow.generateDecor(PhoneWindow.java:2385)
	at com.android.internal.policy.PhoneWindow.installDecor(PhoneWindow.java:2727)
	at com.android.internal.policy.PhoneWindow.getDecorView(PhoneWindow.java:2144)
	at android.app.ActivityTransitionState.setEnterActivityOptions(ActivityTransitionState.java:171)
	at android.app.Activity.performCreate(Activity.java:8299)
	at android.app.Activity.performCreate(Activity.java:8269)
	at android.app.Instrumentation.callActivityOnCreate(Instrumentation.java:1384)
	at org.robolectric.android.internal.RoboMonitoringInstrumentation.callActivityOnCreate(RoboMonitoringInstrumentation.java:303)
	at org.robolectric.android.controller.ActivityController.lambda$create$0(ActivityController.java:138)
	at org.robolectric.shadows.ShadowPausedLooper.runPaused(ShadowPausedLooper.java:204)
	at org.robolectric.android.controller.ActivityController.create(ActivityController.java:136)
	at org.robolectric.android.controller.ActivityController.create(ActivityController.java:146)
	at org.robolectric.android.internal.RoboMonitoringInstrumentation.startActivitySyncInternal(RoboMonitoringInstrumentation.java:113)
	at org.robolectric.android.internal.LocalActivityInvoker.startActivity(LocalActivityInvoker.java:35)
	at org.robolectric.android.internal.LocalActivityInvoker.startActivity(LocalActivityInvoker.java:40)
	at androidx.test.core.app.ActivityScenario.launchInternal(ActivityScenario.java:362)
	at androidx.test.core.app.ActivityScenario.launch(ActivityScenario.java:202)
	at androidx.test.ext.junit.rules.ActivityScenarioRule.lambda$new$0(ActivityScenarioRule.java:77)
	at androidx.test.ext.junit.rules.ActivityScenarioRule$$ExternalSyntheticLambda1.get(D8$$SyntheticClass)
	at androidx.test.ext.junit.rules.ActivityScenarioRule.before(ActivityScenarioRule.java:110)
	at org.junit.rules.ExternalResource$1.evaluate(ExternalResource.java:50)
	at androidx.compose.ui.test.junit4.AndroidComposeTestRule$apply$1$evaluate$1.invoke(AndroidComposeTestRule.android.kt:272)
	at androidx.compose.ui.test.junit4.AndroidComposeTestRule$apply$1$evaluate$1.invoke(AndroidComposeTestRule.android.kt:271)
	at androidx.compose.ui.test.AndroidComposeUiTestEnvironment$AndroidComposeUiTestImpl.withDisposableContent(ComposeUiTest.android.kt:512)
	at androidx.compose.ui.test.AndroidComposeUiTestEnvironment$runTest$1$1$1$1$1$1$1.invoke(ComposeUiTest.android.kt:330)
	at androidx.compose.ui.test.AndroidComposeUiTestEnvironment.withTextInputService(ComposeUiTest.android.kt:396)
	at androidx.compose.ui.test.AndroidComposeUiTestEnvironment.access$withTextInputService(ComposeUiTest.android.kt:234)
	at androidx.compose.ui.test.AndroidComposeUiTestEnvironment$runTest$1$1$1$1$1$1.invoke(ComposeUiTest.android.kt:329)
	at androidx.compose.ui.test.AndroidComposeUiTestEnvironment.withComposeIdlingResource(ComposeUiTest.android.kt:383)
	at androidx.compose.ui.test.AndroidComposeUiTestEnvironment.access$withComposeIdlingResource(ComposeUiTest.android.kt:234)
	at androidx.compose.ui.test.AndroidComposeUiTestEnvironment$runTest$1$1$1$1$1.invoke(ComposeUiTest.android.kt:328)
	at androidx.compose.ui.test.AndroidComposeUiTestEnvironment.withWindowRecomposer(ComposeUiTest.android.kt:357)
	at androidx.compose.ui.test.AndroidComposeUiTestEnvironment.access$withWindowRecomposer(ComposeUiTest.android.kt:234)
	at androidx.compose.ui.test.AndroidComposeUiTestEnvironment$runTest$1$1$1$1.invoke(ComposeUiTest.android.kt:327)
	at androidx.compose.ui.test.AndroidComposeUiTestEnvironment.withTestCoroutines(ComposeUiTest.android.kt:370)
	at androidx.compose.ui.test.AndroidComposeUiTestEnvironment.access$withTestCoroutines(ComposeUiTest.android.kt:234)
	at androidx.compose.ui.test.AndroidComposeUiTestEnvironment$runTest$1$1$1.invoke(ComposeUiTest.android.kt:326)
	at androidx.compose.ui.test.junit4.IdlingStrategy.withStrategy(IdlingStrategy.android.kt:52)
	at androidx.compose.ui.test.AndroidComposeUiTestEnvironment$runTest$1$1.invoke(ComposeUiTest.android.kt:325)
	at androidx.compose.ui.test.junit4.IdlingResourceRegistry.withRegistry(IdlingResourceRegistry.jvm.kt:157)
	at androidx.compose.ui.test.AndroidComposeUiTestEnvironment$runTest$1.invoke(ComposeUiTest.android.kt:324)
	at androidx.compose.ui.test.junit4.ComposeRootRegistry.withRegistry(ComposeRootRegistry.android.kt:146)
	at androidx.compose.ui.test.AndroidComposeUiTestEnvironment.runTest(ComposeUiTest.android.kt:323)
	at androidx.compose.ui.test.junit4.AndroidComposeTestRule$apply$1.evaluate(AndroidComposeTestRule.android.kt:271)
	at org.junit.runners.ParentRunner$3.evaluate(ParentRunner.java:306)
	at org.robolectric.RobolectricTestRunner$HelperTestRunner$1.evaluate(RobolectricTestRunner.java:589)
	at org.robolectric.internal.SandboxTestRunner$2.lambda$evaluate$2(SandboxTestRunner.java:290)
	at org.robolectric.internal.bytecode.Sandbox.lambda$runOnMainThread$0(Sandbox.java:99)
	at java.base/java.util.concurrent.FutureTask.run(FutureTask.java:264)
	at java.base/java.util.concurrent.ThreadPoolExecutor.runWorker(ThreadPoolExecutor.java:1136)
	at java.base/java.util.concurrent.ThreadPoolExecutor$Worker.run(ThreadPoolExecutor.java:635)
	at java.base/java.lang.Thread.run(Thread.java:833)
</failure>
  </testcase>
  <testcase name="homeScreenPopulatedResource" classname="com.najudoryeong.mineme.feature.home.HomeScreenShotTests" time="0.049">
    <failure message="java.lang.UnsatisfiedLinkError: 'long org.robolectric.nativeruntime.RenderNodeNatives.nCreate(java.lang.String)'" type="java.lang.UnsatisfiedLinkError">java.lang.UnsatisfiedLinkError: 'long org.robolectric.nativeruntime.RenderNodeNatives.nCreate(java.lang.String)'
	at org.robolectric.nativeruntime.RenderNodeNatives.nCreate(Native Method)
	at org.robolectric.shadows.ShadowNativeRenderNode.nCreate(ShadowNativeRenderNode.java:22)
	at android.graphics.RenderNode.nCreate(RenderNode.java)
	at android.graphics.RenderNode.__constructor__(RenderNode.java:227)
	at android.graphics.RenderNode.&lt;init&gt;(RenderNode.java)
	at android.graphics.RenderNode.create(RenderNode.java:243)
	at android.view.View.__constructor__(View.java:5373)
	at android.view.View.&lt;init&gt;(View.java)
	at android.view.ViewGroup.&lt;init&gt;(ViewGroup.java)
	at android.widget.FrameLayout.&lt;init&gt;(FrameLayout.java)
	at com.android.internal.policy.DecorView.&lt;init&gt;(DecorView.java)
	at com.android.internal.policy.PhoneWindow.generateDecor(PhoneWindow.java:2385)
	at com.android.internal.policy.PhoneWindow.installDecor(PhoneWindow.java:2727)
	at com.android.internal.policy.PhoneWindow.getDecorView(PhoneWindow.java:2144)
	at android.app.ActivityTransitionState.setEnterActivityOptions(ActivityTransitionState.java:171)
	at android.app.Activity.performCreate(Activity.java:8299)
	at android.app.Activity.performCreate(Activity.java:8269)
	at android.app.Instrumentation.callActivityOnCreate(Instrumentation.java:1384)
	at org.robolectric.android.internal.RoboMonitoringInstrumentation.callActivityOnCreate(RoboMonitoringInstrumentation.java:303)
	at org.robolectric.android.controller.ActivityController.lambda$create$0(ActivityController.java:138)
	at org.robolectric.shadows.ShadowPausedLooper.runPaused(ShadowPausedLooper.java:204)
	at org.robolectric.android.controller.ActivityController.create(ActivityController.java:136)
	at org.robolectric.android.controller.ActivityController.create(ActivityController.java:146)
	at org.robolectric.android.internal.RoboMonitoringInstrumentation.startActivitySyncInternal(RoboMonitoringInstrumentation.java:113)
	at org.robolectric.android.internal.LocalActivityInvoker.startActivity(LocalActivityInvoker.java:35)
	at org.robolectric.android.internal.LocalActivityInvoker.startActivity(LocalActivityInvoker.java:40)
	at androidx.test.core.app.ActivityScenario.launchInternal(ActivityScenario.java:362)
	at androidx.test.core.app.ActivityScenario.launch(ActivityScenario.java:202)
	at androidx.test.ext.junit.rules.ActivityScenarioRule.lambda$new$0(ActivityScenarioRule.java:77)
	at androidx.test.ext.junit.rules.ActivityScenarioRule$$ExternalSyntheticLambda1.get(D8$$SyntheticClass)
	at androidx.test.ext.junit.rules.ActivityScenarioRule.before(ActivityScenarioRule.java:110)
	at org.junit.rules.ExternalResource$1.evaluate(ExternalResource.java:50)
	at androidx.compose.ui.test.junit4.AndroidComposeTestRule$apply$1$evaluate$1.invoke(AndroidComposeTestRule.android.kt:272)
	at androidx.compose.ui.test.junit4.AndroidComposeTestRule$apply$1$evaluate$1.invoke(AndroidComposeTestRule.android.kt:271)
	at androidx.compose.ui.test.AndroidComposeUiTestEnvironment$AndroidComposeUiTestImpl.withDisposableContent(ComposeUiTest.android.kt:512)
	at androidx.compose.ui.test.AndroidComposeUiTestEnvironment$runTest$1$1$1$1$1$1$1.invoke(ComposeUiTest.android.kt:330)
	at androidx.compose.ui.test.AndroidComposeUiTestEnvironment.withTextInputService(ComposeUiTest.android.kt:396)
	at androidx.compose.ui.test.AndroidComposeUiTestEnvironment.access$withTextInputService(ComposeUiTest.android.kt:234)
	at androidx.compose.ui.test.AndroidComposeUiTestEnvironment$runTest$1$1$1$1$1$1.invoke(ComposeUiTest.android.kt:329)
	at androidx.compose.ui.test.AndroidComposeUiTestEnvironment.withComposeIdlingResource(ComposeUiTest.android.kt:383)
	at androidx.compose.ui.test.AndroidComposeUiTestEnvironment.access$withComposeIdlingResource(ComposeUiTest.android.kt:234)
	at androidx.compose.ui.test.AndroidComposeUiTestEnvironment$runTest$1$1$1$1$1.invoke(ComposeUiTest.android.kt:328)
	at androidx.compose.ui.test.AndroidComposeUiTestEnvironment.withWindowRecomposer(ComposeUiTest.android.kt:357)
	at androidx.compose.ui.test.AndroidComposeUiTestEnvironment.access$withWindowRecomposer(ComposeUiTest.android.kt:234)
	at androidx.compose.ui.test.AndroidComposeUiTestEnvironment$runTest$1$1$1$1.invoke(ComposeUiTest.android.kt:327)
	at androidx.compose.ui.test.AndroidComposeUiTestEnvironment.withTestCoroutines(ComposeUiTest.android.kt:370)
	at androidx.compose.ui.test.AndroidComposeUiTestEnvironment.access$withTestCoroutines(ComposeUiTest.android.kt:234)
	at androidx.compose.ui.test.AndroidComposeUiTestEnvironment$runTest$1$1$1.invoke(ComposeUiTest.android.kt:326)
	at androidx.compose.ui.test.junit4.IdlingStrategy.withStrategy(IdlingStrategy.android.kt:52)
	at androidx.compose.ui.test.AndroidComposeUiTestEnvironment$runTest$1$1.invoke(ComposeUiTest.android.kt:325)
	at androidx.compose.ui.test.junit4.IdlingResourceRegistry.withRegistry(IdlingResourceRegistry.jvm.kt:157)
	at androidx.compose.ui.test.AndroidComposeUiTestEnvironment$runTest$1.invoke(ComposeUiTest.android.kt:324)
	at androidx.compose.ui.test.junit4.ComposeRootRegistry.withRegistry(ComposeRootRegistry.android.kt:146)
	at androidx.compose.ui.test.AndroidComposeUiTestEnvironment.runTest(ComposeUiTest.android.kt:323)
	at androidx.compose.ui.test.junit4.AndroidComposeTestRule$apply$1.evaluate(AndroidComposeTestRule.android.kt:271)
	at org.junit.runners.ParentRunner$3.evaluate(ParentRunner.java:306)
	at org.robolectric.RobolectricTestRunner$HelperTestRunner$1.evaluate(RobolectricTestRunner.java:589)
	at org.robolectric.internal.SandboxTestRunner$2.lambda$evaluate$2(SandboxTestRunner.java:290)
	at org.robolectric.internal.bytecode.Sandbox.lambda$runOnMainThread$0(Sandbox.java:99)
	at java.base/java.util.concurrent.FutureTask.run(FutureTask.java:264)
	at java.base/java.util.concurrent.ThreadPoolExecutor.runWorker(ThreadPoolExecutor.java:1136)
	at java.base/java.util.concurrent.ThreadPoolExecutor$Worker.run(ThreadPoolExecutor.java:635)
	at java.base/java.lang.Thread.run(Thread.java:833)
</failure>
  </testcase>
  <system-out><![CDATA[]]></system-out>
  <system-err><![CDATA[]]></system-err>
</testsuite>
