<?xml version="1.0" encoding="UTF-8"?>
<testsuite name="com.najudoryeong.mineme.feature.story.StoryViewModelTest" tests="2" skipped="0" failures="0" errors="0" timestamp="2023-09-26T06:40:37" hostname="DESKTOP-2AKCNO8" time="0.665">
  <properties/>
  <testcase name="stateIsInitiallyLoading" classname="com.najudoryeong.mineme.feature.story.StoryViewModelTest" time="0.563"/>
  <testcase name="regionStateUpdateAfterSelectRegionCity" classname="com.najudoryeong.mineme.feature.story.StoryViewModelTest" time="0.102"/>
  <system-out><![CDATA[]]></system-out>
  <system-err><![CDATA[]]></system-err>
</testsuite>
